<?xml version="1.0" encoding="UTF-8"?>
<testsuite name="valres.toolbox.command.CommandDefinitionTest" tests="3" skipped="0" failures="0" errors="0" timestamp="2026-07-30T17:23:45.062Z" hostname="VALROUS" time="0.685">
  <properties/>
  <testcase name="nativeNoArgumentCommandResolvesItsOwningPlugin()" classname="valres.toolbox.command.CommandDefinitionTest" time="0.614"/>
  <testcase name="consumesNativeMetadataAndGeneratesSubCommandPermission()" classname="valres.toolbox.command.CommandDefinitionTest" time="0.055"/>
  <testcase name="generatesRootPermissionWhenNativePermissionIsEmpty()" classname="valres.toolbox.command.CommandDefinitionTest" time="0.006"/>
  <system-out><![CDATA[]]></system-out>
  <system-err><![CDATA[]]></system-err>
</testsuite>
