<?xml version="1.0" encoding="UTF-8"?>
<testsuite name="valres.toolbox.behavior.item.ItemDataResolverToolTest" tests="4" skipped="0" failures="0" errors="0" timestamp="2026-07-30T17:23:39.982Z" hostname="VALROUS" time="5.069">
  <properties/>
  <testcase name="createsDefaultDiggerFromVanillaTier()" classname="valres.toolbox.behavior.item.ItemDataResolverToolTest" time="3.186"/>
  <testcase name="rejectsInvalidCustomTierValues()" classname="valres.toolbox.behavior.item.ItemDataResolverToolTest" time="0.004"/>
  <testcase name="derivesDamageFromTierAndToolType()" classname="valres.toolbox.behavior.item.ItemDataResolverToolTest" time="0.001"/>
  <testcase name="customTierDrivesServerValuesAndGeneratedDigger()" classname="valres.toolbox.behavior.item.ItemDataResolverToolTest" time="1.875"/>
  <system-out><![CDATA[]]></system-out>
  <system-err><![CDATA[2026-07-30T17:23:41.083329900Z Test worker WARN Advanced terminal features are not available in this environment
Mockito is currently self-attaching to enable the inline-mock-maker. This will no longer work in future releases of the JDK. Please add Mockito as an agent to your build as described in Mockito's documentation: https://javadoc.io/doc/org.mockito/mockito-core/latest/org.mockito/org/mockito/Mockito.html#0.3
WARNING: A Java agent has been loaded dynamically (C:\Users\tster\.gradle\caches\modules-2\files-2.1\net.bytebuddy\byte-buddy-agent\1.17.7\fbf3d6d649ed37fc9e9c59480a05be0a26e3c2da\byte-buddy-agent-1.17.7.jar)
WARNING: If a serviceability tool is in use, please run with -XX:+EnableDynamicAgentLoading to hide this warning
WARNING: If a serviceability tool is not in use, please run with -Djdk.instrument.traceUsage for more information
WARNING: Dynamic loading of agents will be disallowed by default in a future release
]]></system-err>
</testsuite>
